{
  "stats": {
    "suites": 2,
    "tests": 4,
    "passes": 4,
    "pending": 0,
    "failures": 0,
    "start": "2017-07-06T15:38:34.139Z",
    "end": "2017-07-06T15:38:35.216Z",
    "duration": 1077,
    "testsRegistered": 4,
    "passPercent": 100,
    "pendingPercent": 0,
    "other": 0,
    "hasOther": false,
    "skipped": 0,
    "hasSkipped": false,
    "passPercentClass": "success",
    "pendingPercentClass": "danger"
  },
  "suites": {
    "title": "",
    "suites": [
      {
        "title": "Twitter API GET Test",
        "suites": [],
        "tests": [
          {
            "title": "favorite/list",
            "fullTitle": "Twitter API GET Test favorite/list",
            "timedOut": false,
            "duration": 282,
            "state": "passed",
            "speed": "slow",
            "pass": true,
            "fail": false,
            "pending": false,
            "code": "client.get('favorites/list', function(error, tweets, response) {\n  expect(response.statusCode).to.equal(200);\n  var result = JSON.parse(response.body);\n  expect(result).to.be.a('array');\n  done();\n});",
            "err": {},
            "isRoot": false,
            "uuid": "35670557-99d1-4544-91b8-cfad2ea635cc",
            "parentUUID": "83c21512-c448-4ba8-afe2-8721f15faad5",
            "isHook": false,
            "skipped": false
          }
        ],
        "pending": [],
        "root": false,
        "_timeout": 2000,
        "file": "\\test\\test_api_get.js",
        "uuid": "83c21512-c448-4ba8-afe2-8721f15faad5",
        "beforeHooks": [],
        "afterHooks": [],
        "fullFile": "C:\\NodeTest\\test\\test_api_get.js",
        "passes": [
          {
            "title": "favorite/list",
            "fullTitle": "Twitter API GET Test favorite/list",
            "timedOut": false,
            "duration": 282,
            "state": "passed",
            "speed": "slow",
            "pass": true,
            "fail": false,
            "pending": false,
            "code": "client.get('favorites/list', function(error, tweets, response) {\n  expect(response.statusCode).to.equal(200);\n  var result = JSON.parse(response.body);\n  expect(result).to.be.a('array');\n  done();\n});",
            "err": {},
            "isRoot": false,
            "uuid": "35670557-99d1-4544-91b8-cfad2ea635cc",
            "parentUUID": "83c21512-c448-4ba8-afe2-8721f15faad5",
            "isHook": false,
            "skipped": false
          }
        ],
        "failures": [],
        "skipped": [],
        "hasBeforeHooks": false,
        "hasAfterHooks": false,
        "hasTests": true,
        "hasSuites": false,
        "totalTests": 1,
        "totalPasses": 1,
        "totalFailures": 0,
        "totalPending": 0,
        "totalSkipped": 0,
        "hasPasses": true,
        "hasFailures": false,
        "hasPending": false,
        "hasSkipped": false,
        "duration": 282,
        "rootEmpty": false
      },
      {
        "title": "Twitter API POST Test",
        "suites": [],
        "tests": [
          {
            "title": "Status Update New",
            "fullTitle": "Twitter API POST Test Status Update New",
            "timedOut": false,
            "duration": 312,
            "state": "passed",
            "speed": "slow",
            "pass": true,
            "fail": false,
            "pending": false,
            "code": "client.post('statuses/update', {status: 'hello my 8h'},  function(error, tweet, response) {\n  expect(response.statusCode).to.equal(200);\n  var result = JSON.parse(response.body);\n  id = result.id_str;\n  done();\n});",
            "err": {},
            "isRoot": false,
            "uuid": "1e57f038-8f2f-45a2-9b64-5ce926722dc8",
            "parentUUID": "6039e842-db78-4818-bc1e-a93ba66d2652",
            "isHook": false,
            "skipped": false
          },
          {
            "title": "Status Update Duplicate",
            "fullTitle": "Twitter API POST Test Status Update Duplicate",
            "timedOut": false,
            "duration": 202,
            "state": "passed",
            "speed": "slow",
            "pass": true,
            "fail": false,
            "pending": false,
            "code": "client.post('statuses/update', {status: 'hello my 8h'},  function(error, tweet, response) {\n  expect(response.statusCode).to.equal(403);\n  done();\n});",
            "err": {},
            "isRoot": false,
            "uuid": "1175b054-b001-4817-98da-c0b2cbb93ad6",
            "parentUUID": "6039e842-db78-4818-bc1e-a93ba66d2652",
            "isHook": false,
            "skipped": false
          },
          {
            "title": "Status Destroy",
            "fullTitle": "Twitter API POST Test Status Destroy",
            "timedOut": false,
            "duration": 234,
            "state": "passed",
            "speed": "slow",
            "pass": true,
            "fail": false,
            "pending": false,
            "code": "client.post('statuses/destroy', {id: id},  function(error, tweet, response) {\n  expect(response.statusCode).to.equal(200);\n  var result = JSON.parse(response.body);\n  var id2 = result.id_str;\n  expect(id2).to.equal(id);\n  done();\n});",
            "err": {},
            "isRoot": false,
            "uuid": "23f82350-6c10-44b5-8c6f-5794d0632a36",
            "parentUUID": "6039e842-db78-4818-bc1e-a93ba66d2652",
            "isHook": false,
            "skipped": false
          }
        ],
        "pending": [],
        "root": false,
        "_timeout": 2000,
        "file": "\\test\\test_api_post.js",
        "uuid": "6039e842-db78-4818-bc1e-a93ba66d2652",
        "beforeHooks": [],
        "afterHooks": [],
        "fullFile": "C:\\NodeTest\\test\\test_api_post.js",
        "passes": [
          {
            "title": "Status Update New",
            "fullTitle": "Twitter API POST Test Status Update New",
            "timedOut": false,
            "duration": 312,
            "state": "passed",
            "speed": "slow",
            "pass": true,
            "fail": false,
            "pending": false,
            "code": "client.post('statuses/update', {status: 'hello my 8h'},  function(error, tweet, response) {\n  expect(response.statusCode).to.equal(200);\n  var result = JSON.parse(response.body);\n  id = result.id_str;\n  done();\n});",
            "err": {},
            "isRoot": false,
            "uuid": "1e57f038-8f2f-45a2-9b64-5ce926722dc8",
            "parentUUID": "6039e842-db78-4818-bc1e-a93ba66d2652",
            "isHook": false,
            "skipped": false
          },
          {
            "title": "Status Update Duplicate",
            "fullTitle": "Twitter API POST Test Status Update Duplicate",
            "timedOut": false,
            "duration": 202,
            "state": "passed",
            "speed": "slow",
            "pass": true,
            "fail": false,
            "pending": false,
            "code": "client.post('statuses/update', {status: 'hello my 8h'},  function(error, tweet, response) {\n  expect(response.statusCode).to.equal(403);\n  done();\n});",
            "err": {},
            "isRoot": false,
            "uuid": "1175b054-b001-4817-98da-c0b2cbb93ad6",
            "parentUUID": "6039e842-db78-4818-bc1e-a93ba66d2652",
            "isHook": false,
            "skipped": false
          },
          {
            "title": "Status Destroy",
            "fullTitle": "Twitter API POST Test Status Destroy",
            "timedOut": false,
            "duration": 234,
            "state": "passed",
            "speed": "slow",
            "pass": true,
            "fail": false,
            "pending": false,
            "code": "client.post('statuses/destroy', {id: id},  function(error, tweet, response) {\n  expect(response.statusCode).to.equal(200);\n  var result = JSON.parse(response.body);\n  var id2 = result.id_str;\n  expect(id2).to.equal(id);\n  done();\n});",
            "err": {},
            "isRoot": false,
            "uuid": "23f82350-6c10-44b5-8c6f-5794d0632a36",
            "parentUUID": "6039e842-db78-4818-bc1e-a93ba66d2652",
            "isHook": false,
            "skipped": false
          }
        ],
        "failures": [],
        "skipped": [],
        "hasBeforeHooks": false,
        "hasAfterHooks": false,
        "hasTests": true,
        "hasSuites": false,
        "totalTests": 3,
        "totalPasses": 3,
        "totalFailures": 0,
        "totalPending": 0,
        "totalSkipped": 0,
        "hasPasses": true,
        "hasFailures": false,
        "hasPending": false,
        "hasSkipped": false,
        "duration": 748,
        "rootEmpty": false
      }
    ],
    "tests": [],
    "pending": [],
    "root": true,
    "_timeout": 2000,
    "uuid": "0be5e2ec-dd58-4a62-bec4-0fc0b943ce82",
    "beforeHooks": [],
    "afterHooks": [],
    "fullFile": "",
    "file": "",
    "passes": [],
    "failures": [],
    "skipped": [],
    "hasBeforeHooks": false,
    "hasAfterHooks": false,
    "hasTests": false,
    "hasSuites": true,
    "totalTests": 0,
    "totalPasses": 0,
    "totalFailures": 0,
    "totalPending": 0,
    "totalSkipped": 0,
    "hasPasses": false,
    "hasFailures": false,
    "hasPending": false,
    "hasSkipped": false,
    "duration": 0,
    "rootEmpty": true
  },
  "allTests": [
    {
      "title": "favorite/list",
      "fullTitle": "Twitter API GET Test favorite/list",
      "timedOut": false,
      "duration": 282,
      "state": "passed",
      "speed": "slow",
      "pass": true,
      "fail": false,
      "pending": false,
      "code": "client.get('favorites/list', function(error, tweets, response) {\n  expect(response.statusCode).to.equal(200);\n  var result = JSON.parse(response.body);\n  expect(result).to.be.a('array');\n  done();\n});",
      "err": {},
      "isRoot": false,
      "uuid": "35670557-99d1-4544-91b8-cfad2ea635cc",
      "parentUUID": "83c21512-c448-4ba8-afe2-8721f15faad5",
      "isHook": false,
      "skipped": false
    },
    {
      "title": "Status Update New",
      "fullTitle": "Twitter API POST Test Status Update New",
      "timedOut": false,
      "duration": 312,
      "state": "passed",
      "speed": "slow",
      "pass": true,
      "fail": false,
      "pending": false,
      "code": "client.post('statuses/update', {status: 'hello my 8h'},  function(error, tweet, response) {\n  expect(response.statusCode).to.equal(200);\n  var result = JSON.parse(response.body);\n  id = result.id_str;\n  done();\n});",
      "err": {},
      "isRoot": false,
      "uuid": "1e57f038-8f2f-45a2-9b64-5ce926722dc8",
      "parentUUID": "6039e842-db78-4818-bc1e-a93ba66d2652",
      "isHook": false,
      "skipped": false
    },
    {
      "title": "Status Update Duplicate",
      "fullTitle": "Twitter API POST Test Status Update Duplicate",
      "timedOut": false,
      "duration": 202,
      "state": "passed",
      "speed": "slow",
      "pass": true,
      "fail": false,
      "pending": false,
      "code": "client.post('statuses/update', {status: 'hello my 8h'},  function(error, tweet, response) {\n  expect(response.statusCode).to.equal(403);\n  done();\n});",
      "err": {},
      "isRoot": false,
      "uuid": "1175b054-b001-4817-98da-c0b2cbb93ad6",
      "parentUUID": "6039e842-db78-4818-bc1e-a93ba66d2652",
      "isHook": false,
      "skipped": false
    },
    {
      "title": "Status Destroy",
      "fullTitle": "Twitter API POST Test Status Destroy",
      "timedOut": false,
      "duration": 234,
      "state": "passed",
      "speed": "slow",
      "pass": true,
      "fail": false,
      "pending": false,
      "code": "client.post('statuses/destroy', {id: id},  function(error, tweet, response) {\n  expect(response.statusCode).to.equal(200);\n  var result = JSON.parse(response.body);\n  var id2 = result.id_str;\n  expect(id2).to.equal(id);\n  done();\n});",
      "err": {},
      "isRoot": false,
      "uuid": "23f82350-6c10-44b5-8c6f-5794d0632a36",
      "parentUUID": "6039e842-db78-4818-bc1e-a93ba66d2652",
      "isHook": false,
      "skipped": false
    }
  ],
  "allPending": [],
  "allPasses": [
    {
      "title": "favorite/list",
      "fullTitle": "Twitter API GET Test favorite/list",
      "timedOut": false,
      "duration": 282,
      "state": "passed",
      "speed": "slow",
      "pass": true,
      "fail": false,
      "pending": false,
      "code": "client.get('favorites/list', function(error, tweets, response) {\n  expect(response.statusCode).to.equal(200);\n  var result = JSON.parse(response.body);\n  expect(result).to.be.a('array');\n  done();\n});",
      "err": {},
      "isRoot": false,
      "uuid": "35670557-99d1-4544-91b8-cfad2ea635cc",
      "parentUUID": "83c21512-c448-4ba8-afe2-8721f15faad5",
      "isHook": false,
      "skipped": false
    },
    {
      "title": "Status Update New",
      "fullTitle": "Twitter API POST Test Status Update New",
      "timedOut": false,
      "duration": 312,
      "state": "passed",
      "speed": "slow",
      "pass": true,
      "fail": false,
      "pending": false,
      "code": "client.post('statuses/update', {status: 'hello my 8h'},  function(error, tweet, response) {\n  expect(response.statusCode).to.equal(200);\n  var result = JSON.parse(response.body);\n  id = result.id_str;\n  done();\n});",
      "err": {},
      "isRoot": false,
      "uuid": "1e57f038-8f2f-45a2-9b64-5ce926722dc8",
      "parentUUID": "6039e842-db78-4818-bc1e-a93ba66d2652",
      "isHook": false,
      "skipped": false
    },
    {
      "title": "Status Update Duplicate",
      "fullTitle": "Twitter API POST Test Status Update Duplicate",
      "timedOut": false,
      "duration": 202,
      "state": "passed",
      "speed": "slow",
      "pass": true,
      "fail": false,
      "pending": false,
      "code": "client.post('statuses/update', {status: 'hello my 8h'},  function(error, tweet, response) {\n  expect(response.statusCode).to.equal(403);\n  done();\n});",
      "err": {},
      "isRoot": false,
      "uuid": "1175b054-b001-4817-98da-c0b2cbb93ad6",
      "parentUUID": "6039e842-db78-4818-bc1e-a93ba66d2652",
      "isHook": false,
      "skipped": false
    },
    {
      "title": "Status Destroy",
      "fullTitle": "Twitter API POST Test Status Destroy",
      "timedOut": false,
      "duration": 234,
      "state": "passed",
      "speed": "slow",
      "pass": true,
      "fail": false,
      "pending": false,
      "code": "client.post('statuses/destroy', {id: id},  function(error, tweet, response) {\n  expect(response.statusCode).to.equal(200);\n  var result = JSON.parse(response.body);\n  var id2 = result.id_str;\n  expect(id2).to.equal(id);\n  done();\n});",
      "err": {},
      "isRoot": false,
      "uuid": "23f82350-6c10-44b5-8c6f-5794d0632a36",
      "parentUUID": "6039e842-db78-4818-bc1e-a93ba66d2652",
      "isHook": false,
      "skipped": false
    }
  ],
  "allFailures": [],
  "copyrightYear": 2017
}